2023-05-17 17:05:578 INFO  HomePage :52 - Enter job title : Tester
2023-05-17 17:05:666 INFO  HomePage :56 - Enter location : Harrow
2023-05-17 17:05:692 INFO  HomePage :52 - Enter job title : Tester
2023-05-17 17:05:793 INFO  HomePage :56 - Enter location : Crawley
2023-05-17 17:05:794 INFO  HomePage :52 - Enter job title : Test Lead
2023-05-17 17:05:888 INFO  HomePage :56 - Enter location : Harrow
2023-05-17 17:05:726 INFO  HomePage :52 - Enter job title : Tester
2023-05-17 17:05:812 INFO  HomePage :56 - Enter location : Harrow
2023-05-17 17:05:836 INFO  HomePage :52 - Enter job title : Tester
2023-05-17 17:05:920 INFO  HomePage :56 - Enter location : Surrey
2023-05-17 17:05:891 INFO  HomePage :66 - Enter job title : Tester
2023-05-17 17:05:994 INFO  HomePage :70 - Enter location : Harrow
2023-05-17 17:05:802 INFO  HomePage :66 - Enter job title : Tester
2023-05-17 17:05:975 INFO  HomePage :70 - Enter location : Crawley
2023-05-17 17:05:583 INFO  HomePage :66 - Enter job title : Test Lead
2023-05-17 17:05:680 INFO  HomePage :70 - Enter location : Harrow
2023-05-17 17:05:585 INFO  HomePage :66 - Enter job title : Tester
2023-05-17 17:05:706 INFO  HomePage :70 - Enter location : Harrow
2023-05-17 17:05:233 INFO  HomePage :66 - Enter job title : Tester
2023-05-17 17:05:359 INFO  HomePage :70 - Enter location : Surrey
2023-05-17 17:05:812 INFO  HomePage :66 - Enter job title : Tester
2023-05-17 17:05:929 INFO  HomePage :70 - Enter location : Harrow
2023-05-17 17:05:690 INFO  HomePage :66 - Enter job title : Tester
2023-05-17 17:05:833 INFO  HomePage :70 - Enter location : Harrow
2023-05-17 19:05:504 INFO  HomePage :56 - Enter job title : Tester
2023-05-17 19:05:432 INFO  HomePage :56 - Enter job title : Tester
2023-05-17 19:05:846 INFO  HomePage :56 - Enter job title : Tester
2023-05-17 19:05:623 INFO  HomePage :56 - Enter job title : Tester
2023-05-17 19:05:710 INFO  HomePage :56 - Enter job title : Tester
2023-05-17 19:05:305 INFO  HomePage :56 - Enter job title : Tester
2023-05-17 19:05:850 INFO  HomePage :56 - Enter job title : Tester
2023-05-17 19:05:617 INFO  HomePage :63 - Enter job title : Tester
2023-05-17 19:05:715 INFO  HomePage :67 - Enter location : Harrow
2023-05-17 19:05:633 INFO  HomePage :63 - Enter job title : Test Lead
2023-05-17 19:05:729 INFO  HomePage :67 - Enter location : Harrow
2023-05-17 19:05:132 INFO  HomePage :64 - Enter job title : Tester
2023-05-17 19:05:351 INFO  HomePage :68 - Enter location : Harrow
2023-05-17 19:05:649 INFO  HomePage :64 - Enter job title : Tester
2023-05-17 19:05:734 INFO  HomePage :68 - Enter location : Harrow
2023-05-17 19:05:350 INFO  HomePage :64 - Enter job title : Tester
2023-05-17 19:05:478 INFO  HomePage :68 - Enter location : Harrow
2023-05-17 20:05:639 INFO  HomePage :64 - Enter job title : Tester
2023-05-17 20:05:762 INFO  HomePage :68 - Enter location : Harrow
2023-05-17 20:05:931 INFO  HomePage :73 - Select distance : 5 miles
2023-05-17 20:05:25 INFO  HomePage :77 - Click on search option : [[ChromeDriver: chrome on WINDOWS (abe4a525b43f8bc04d8c31e5f3031576)] -> id: toggle-hp-search]
2023-05-17 20:05:369 INFO  HomePage :81 - Enter minimum salary : 30000
2023-05-17 20:05:462 INFO  HomePage :85 - Enter maximum salary : 500000
2023-05-17 20:05:555 INFO  HomePage :89 - Click on salary type : Per annum
2023-05-17 20:05:654 INFO  HomePage :93 - Click on job type : Permanent
2023-05-17 20:05:783 INFO  HomePage :97 - Click on jobs button : [[ChromeDriver: chrome on WINDOWS (abe4a525b43f8bc04d8c31e5f3031576)] -> id: hp-search-btn]
2023-05-17 20:05:638 INFO  HomePage :64 - Enter job title : Tester
2023-05-17 20:05:926 INFO  HomePage :68 - Enter location : Harrow
2023-05-17 20:05:243 INFO  HomePage :73 - Select distance : 5 miles
2023-05-17 20:05:491 INFO  HomePage :77 - Click on search option : [[ChromeDriver: chrome on WINDOWS (2ae26dc28c0158a00727fbe1af83041e)] -> id: toggle-hp-search]
2023-05-17 20:05:88 INFO  HomePage :81 - Enter minimum salary : 30000
2023-05-17 20:05:517 INFO  HomePage :85 - Enter maximum salary : 500000
2023-05-17 20:05:745 INFO  HomePage :89 - Click on salary type : Per annum
2023-05-17 20:05:12 INFO  HomePage :93 - Click on job type : Permanent
2023-05-17 20:05:442 INFO  HomePage :97 - Click on jobs button : [[ChromeDriver: chrome on WINDOWS (2ae26dc28c0158a00727fbe1af83041e)] -> id: hp-search-btn]
2023-05-17 20:05:805 INFO  HomePage :64 - Enter job title : Tester
2023-05-17 20:05:567 INFO  HomePage :68 - Enter location : Crawley
2023-05-17 20:05:18 INFO  HomePage :73 - Select distance : 5 miles
2023-05-17 20:05:321 INFO  HomePage :77 - Click on search option : [[ChromeDriver: chrome on WINDOWS (5206061d14ebca0ac7b53c28666dd478)] -> id: toggle-hp-search]
2023-05-17 20:05:62 INFO  HomePage :81 - Enter minimum salary : 30000
2023-05-17 20:05:500 INFO  HomePage :85 - Enter maximum salary : 500000
2023-05-17 20:05:116 INFO  HomePage :89 - Click on salary type : Per annum
2023-05-17 20:05:606 INFO  HomePage :93 - Click on job type : Permanent
2023-05-17 20:05:553 INFO  HomePage :97 - Click on jobs button : [[ChromeDriver: chrome on WINDOWS (5206061d14ebca0ac7b53c28666dd478)] -> id: hp-search-btn]
2023-05-17 20:05:158 INFO  HomePage :26 - Result verified : [[ChromeDriver: chrome on WINDOWS (5206061d14ebca0ac7b53c28666dd478)] -> css selector: .search-header__title]
2023-05-17 20:05:338 INFO  HomePage :64 - Enter job title : Test Lead
2023-05-17 20:05:753 INFO  HomePage :68 - Enter location : Harrow
2023-05-17 20:05:217 INFO  HomePage :64 - Enter job title : Tester
2023-05-17 20:05:609 INFO  HomePage :68 - Enter location : Surrey
2023-05-17 20:05:542 INFO  HomePage :73 - Select distance : 5 miles
2023-05-17 20:05:760 INFO  HomePage :77 - Click on search option : [[ChromeDriver: chrome on WINDOWS (b3b250cb5df1ba3124b7c95ed497dc40)] -> id: toggle-hp-search]
2023-05-17 20:05:461 INFO  HomePage :81 - Enter minimum salary : 30000
2023-05-17 20:05:669 INFO  HomePage :85 - Enter maximum salary : 500000
2023-05-17 20:05:883 INFO  HomePage :89 - Click on salary type : Per annum
2023-05-17 20:05:77 INFO  HomePage :93 - Click on job type : Permanent
2023-05-17 20:05:429 INFO  HomePage :97 - Click on jobs button : [[ChromeDriver: chrome on WINDOWS (b3b250cb5df1ba3124b7c95ed497dc40)] -> id: hp-search-btn]
